0 info it worked if it ends with ok
1 verbose cli [ '/usr/local/Cellar/node/6.8.1/bin/node',
1 verbose cli   '/usr/local/bin/npm',
1 verbose cli   'run',
1 verbose cli   'server' ]
2 info using npm@3.10.8
3 info using node@v6.8.1
4 verbose run-script [ 'preserver', 'server', 'postserver' ]
5 info lifecycle project_4@1.0.0~preserver: project_4@1.0.0
6 silly lifecycle project_4@1.0.0~preserver: no script for preserver, continuing
7 info lifecycle project_4@1.0.0~server: project_4@1.0.0
8 verbose lifecycle project_4@1.0.0~server: unsafe-perm in lifecycle true
9 verbose lifecycle project_4@1.0.0~server: PATH: /usr/local/lib/node_modules/npm/bin/node-gyp-bin:/Users/user/codeclan_work/project_4/node_modules/.bin:/usr/local/lib/node_modules/npm/bin/node-gyp-bin:/Users/user/codeclan_work/project_4/node_modules/.bin:/usr/local/Cellar/node/6.8.1/bin:/Applications/Postgres.app/Contents/Versions/9.5/bin:/Users/user/.rbenv/shims:/Users/user/.rbenv/shims:/usr/local/bin:/Users/user/bin:/usr/local/bin:/usr/bin:/bin:/usr/sbin:/sbin:/Users/user/junit
10 verbose lifecycle project_4@1.0.0~server: CWD: /Users/user/codeclan_work/project_4
11 silly lifecycle project_4@1.0.0~server: Args: [ '-c', 'babel-node server.js' ]
12 info lifecycle project_4@1.0.0~server: Failed to exec server script
13 verbose stack Error: project_4@1.0.0 server: `babel-node server.js`
13 verbose stack spawn ENOENT
13 verbose stack     at ChildProcess.<anonymous> (/usr/local/lib/node_modules/npm/lib/utils/spawn.js:33:16)
13 verbose stack     at emitTwo (events.js:106:13)
13 verbose stack     at ChildProcess.emit (events.js:191:7)
13 verbose stack     at maybeClose (internal/child_process.js:877:16)
13 verbose stack     at Process.ChildProcess._handle.onexit (internal/child_process.js:226:5)
14 verbose pkgid project_4@1.0.0
15 verbose cwd /Users/user/codeclan_work/project_4
16 error Darwin 16.4.0
17 error argv "/usr/local/Cellar/node/6.8.1/bin/node" "/usr/local/bin/npm" "run" "server"
18 error node v6.8.1
19 error npm  v3.10.8
20 error file sh
21 error code ELIFECYCLE
22 error errno ENOENT
23 error syscall spawn
24 error project_4@1.0.0 server: `babel-node server.js`
24 error spawn ENOENT
25 error Failed at the project_4@1.0.0 server script 'babel-node server.js'.
25 error Make sure you have the latest version of node.js and npm installed.
25 error If you do, this is most likely a problem with the project_4 package,
25 error not with npm itself.
25 error Tell the author that this fails on your system:
25 error     babel-node server.js
25 error You can get information on how to open an issue for this project with:
25 error     npm bugs project_4
25 error Or if that isn't available, you can get their info via:
25 error     npm owner ls project_4
25 error There is likely additional logging output above.
26 verbose exit [ 1, true ]
